<?xml version="1.0" encoding="utf-8" standalone="no"?>
<!--This file represents the results of running a test suite-->
<test-results name="C:\MartianRobotProject\MartianRobotWeb\MartianRobotTest\bin\Debug\MartianRobotTest.dll" total="8" errors="8" failures="0" not-run="0" inconclusive="0" ignored="0" skipped="0" invalid="0" date="2017-08-20" time="14:55:42">
  <environment nunit-version="2.6.3.13283" clr-version="2.0.50727.8745" os-version="Microsoft Windows NT 6.2.9200.0" platform="Win32NT" cwd="C:\Program Files (x86)\NUnit 2.6.3\bin" machine-name="LAPTOP-24OOVNDU" user="Lavanya" user-domain="LAPTOP-24OOVNDU" />
  <culture-info current-culture="en-US" current-uiculture="en-US" />
  <test-suite type="Assembly" name="C:\MartianRobotProject\MartianRobotWeb\MartianRobotTest\bin\Debug\MartianRobotTest.dll" executed="True" result="Failure" success="False" time="0.090" asserts="0">
    <results>
      <test-suite type="Namespace" name="MartianRobotTest" executed="True" result="Failure" success="False" time="0.089" asserts="0">
        <results>
          <test-suite type="TestFixture" name="DirectionalTests" executed="True" result="Failure" success="False" time="0.089" asserts="0">
            <results>
              <test-suite type="ParameterizedTest" name="Test_Rover_Can_Rotate_90_Degrees" executed="True" result="Failure" success="False" time="0.088" asserts="0">
                <results>
                  <test-case name="MartianRobotTest.DirectionalTests.Test_Rover_Can_Rotate_90_Degrees(West,Left,South)" executed="True" result="Error" success="False" time="0.001" asserts="0">
                    <failure>
                      <message><![CDATA[System.NullReferenceException : Object reference not set to an instance of an object.]]></message>
                      <stack-trace><![CDATA[at MartianRobotTest.DirectionalTests.Test_Rover_Can_Rotate_90_Degrees(Direction startDirection, Rotation rotateDirection, Direction endDirection) in C:\MartianRobotProject\MartianRobotWeb\MartianRobotTest\DirectionalTests.cs:line 33
]]></stack-trace>
                    </failure>
                  </test-case>
                  <test-case name="MartianRobotTest.DirectionalTests.Test_Rover_Can_Rotate_90_Degrees(West,Right,North)" executed="True" result="Error" success="False" time="0.001" asserts="0">
                    <failure>
                      <message><![CDATA[System.NullReferenceException : Object reference not set to an instance of an object.]]></message>
                      <stack-trace><![CDATA[at MartianRobotTest.DirectionalTests.Test_Rover_Can_Rotate_90_Degrees(Direction startDirection, Rotation rotateDirection, Direction endDirection) in C:\MartianRobotProject\MartianRobotWeb\MartianRobotTest\DirectionalTests.cs:line 33
]]></stack-trace>
                    </failure>
                  </test-case>
                  <test-case name="MartianRobotTest.DirectionalTests.Test_Rover_Can_Rotate_90_Degrees(East,Left,North)" executed="True" result="Error" success="False" time="0.001" asserts="0">
                    <failure>
                      <message><![CDATA[System.NullReferenceException : Object reference not set to an instance of an object.]]></message>
                      <stack-trace><![CDATA[at MartianRobotTest.DirectionalTests.Test_Rover_Can_Rotate_90_Degrees(Direction startDirection, Rotation rotateDirection, Direction endDirection) in C:\MartianRobotProject\MartianRobotWeb\MartianRobotTest\DirectionalTests.cs:line 33
]]></stack-trace>
                    </failure>
                  </test-case>
                  <test-case name="MartianRobotTest.DirectionalTests.Test_Rover_Can_Rotate_90_Degrees(East,Right,South)" executed="True" result="Error" success="False" time="0.001" asserts="0">
                    <failure>
                      <message><![CDATA[System.NullReferenceException : Object reference not set to an instance of an object.]]></message>
                      <stack-trace><![CDATA[at MartianRobotTest.DirectionalTests.Test_Rover_Can_Rotate_90_Degrees(Direction startDirection, Rotation rotateDirection, Direction endDirection) in C:\MartianRobotProject\MartianRobotWeb\MartianRobotTest\DirectionalTests.cs:line 33
]]></stack-trace>
                    </failure>
                  </test-case>
                  <test-case name="MartianRobotTest.DirectionalTests.Test_Rover_Can_Rotate_90_Degrees(South,Left,East)" executed="True" result="Error" success="False" time="0.002" asserts="0">
                    <failure>
                      <message><![CDATA[System.NullReferenceException : Object reference not set to an instance of an object.]]></message>
                      <stack-trace><![CDATA[at MartianRobotTest.DirectionalTests.Test_Rover_Can_Rotate_90_Degrees(Direction startDirection, Rotation rotateDirection, Direction endDirection) in C:\MartianRobotProject\MartianRobotWeb\MartianRobotTest\DirectionalTests.cs:line 33
]]></stack-trace>
                    </failure>
                  </test-case>
                  <test-case name="MartianRobotTest.DirectionalTests.Test_Rover_Can_Rotate_90_Degrees(South,Right,West)" executed="True" result="Error" success="False" time="0.001" asserts="0">
                    <failure>
                      <message><![CDATA[System.NullReferenceException : Object reference not set to an instance of an object.]]></message>
                      <stack-trace><![CDATA[at MartianRobotTest.DirectionalTests.Test_Rover_Can_Rotate_90_Degrees(Direction startDirection, Rotation rotateDirection, Direction endDirection) in C:\MartianRobotProject\MartianRobotWeb\MartianRobotTest\DirectionalTests.cs:line 33
]]></stack-trace>
                    </failure>
                  </test-case>
                  <test-case name="MartianRobotTest.DirectionalTests.Test_Rover_Can_Rotate_90_Degrees(North,Left,West)" executed="True" result="Error" success="False" time="0.001" asserts="0">
                    <failure>
                      <message><![CDATA[System.NullReferenceException : Object reference not set to an instance of an object.]]></message>
                      <stack-trace><![CDATA[at MartianRobotTest.DirectionalTests.Test_Rover_Can_Rotate_90_Degrees(Direction startDirection, Rotation rotateDirection, Direction endDirection) in C:\MartianRobotProject\MartianRobotWeb\MartianRobotTest\DirectionalTests.cs:line 33
]]></stack-trace>
                    </failure>
                  </test-case>
                  <test-case name="MartianRobotTest.DirectionalTests.Test_Rover_Can_Rotate_90_Degrees(North,Right,East)" executed="True" result="Error" success="False" time="0.001" asserts="0">
                    <failure>
                      <message><![CDATA[System.NullReferenceException : Object reference not set to an instance of an object.]]></message>
                      <stack-trace><![CDATA[at MartianRobotTest.DirectionalTests.Test_Rover_Can_Rotate_90_Degrees(Direction startDirection, Rotation rotateDirection, Direction endDirection) in C:\MartianRobotProject\MartianRobotWeb\MartianRobotTest\DirectionalTests.cs:line 33
]]></stack-trace>
                    </failure>
                  </test-case>
                </results>
              </test-suite>
            </results>
          </test-suite>
        </results>
      </test-suite>
    </results>
  </test-suite>
</test-results>